  warning: unknown warning option '-Wnoc++98-c++11-compat'; did you mean '-Wc++98-c++11-compat'? [-Wunknown-warning-option]
  warning: unknown warning option '-Wnoc++98-compat-pedantic'; did you mean '-Wc++98-compat-pedantic'? [-Wunknown-warning-option]
  warning: unknown warning option '-Wnoc++98-c++11-compat'; did you mean '-Wc++98-c++11-compat'? [-Wunknown-warning-option]
  warning: unknown warning option '-Wnoc++98-compat-pedantic'; did you mean '-Wc++98-compat-pedantic'? [-Wunknown-warning-option]
TRACKEDEXEC : warning : unknown warning option '-Wnoc++98-c++11-compat'; did you mean '-Wc++98-c++11-compat'? [-Wunknown-warning-option]
TRACKEDEXEC : warning : unknown warning option '-Wnoc++98-c++11-compat'; did you mean '-Wc++98-c++11-compat'? [-Wunknown-warning-option]
TRACKEDEXEC : warning : unknown warning option '-Wnoc++98-compat-pedantic'; did you mean '-Wc++98-compat-pedantic'? [-Wunknown-warning-option]
TRACKEDEXEC : warning : unknown warning option '-Wnoc++98-compat-pedantic'; did you mean '-Wc++98-compat-pedantic'? [-Wunknown-warning-option]
  warning: unknown warning option '-Wnoc++98-c++11-compat'; did you mean '-Wc++98-c++11-compat'? [-Wunknown-warning-option]
  warning: unknown warning option '-Wnoc++98-compat-pedantic'; did you mean '-Wc++98-compat-pedantic'? [-Wunknown-warning-option]
TRACKEDEXEC : warning : unknown warning option '-Wnoc++98-c++11-compat'; did you mean '-Wc++98-c++11-compat'? [-Wunknown-warning-option]
TRACKEDEXEC : warning : unknown warning option '-Wnoc++98-compat-pedantic'; did you mean '-Wc++98-compat-pedantic'? [-Wunknown-warning-option]
TRACKEDEXEC : warning : unknown warning option '-Wnoc++98-c++11-compat'; did you mean '-Wc++98-c++11-compat'? [-Wunknown-warning-option]
TRACKEDEXEC : warning : unknown warning option '-Wnoc++98-c++11-compat'; did you mean '-Wc++98-c++11-compat'? [-Wunknown-warning-option]
TRACKEDEXEC : warning : unknown warning option '-Wnoc++98-compat-pedantic'; did you mean '-Wc++98-compat-pedantic'? [-Wunknown-warning-option]
TRACKEDEXEC : warning : unknown warning option '-Wnoc++98-compat-pedantic'; did you mean '-Wc++98-compat-pedantic'? [-Wunknown-warning-option]
TRACKEDEXEC : warning : unknown warning option '-Wnoc++98-c++11-compat'; did you mean '-Wc++98-c++11-compat'? [-Wunknown-warning-option]
TRACKEDEXEC : warning : unknown warning option '-Wnoc++98-compat-pedantic'; did you mean '-Wc++98-compat-pedantic'? [-Wunknown-warning-option]
TRACKEDEXEC : warning : unknown warning option '-Wnoc++98-c++11-compat'; did you mean '-Wc++98-c++11-compat'? [-Wunknown-warning-option]
TRACKEDEXEC : warning : unknown warning option '-Wnoc++98-compat-pedantic'; did you mean '-Wc++98-compat-pedantic'? [-Wunknown-warning-option]
TRACKEDEXEC : warning : unknown warning option '-Wnoc++98-c++11-compat'; did you mean '-Wc++98-c++11-compat'? [-Wunknown-warning-option]
TRACKEDEXEC : warning : unknown warning option '-Wnoc++98-compat-pedantic'; did you mean '-Wc++98-compat-pedantic'? [-Wunknown-warning-option]
TRACKEDEXEC : warning : unknown warning option '-Wnoc++98-c++11-compat'; did you mean '-Wc++98-c++11-compat'? [-Wunknown-warning-option]
TRACKEDEXEC : warning : unknown warning option '-Wnoc++98-compat-pedantic'; did you mean '-Wc++98-compat-pedantic'? [-Wunknown-warning-option]
TRACKEDEXEC : warning : unknown warning option '-Wnoc++98-c++11-compat'; did you mean '-Wc++98-c++11-compat'? [-Wunknown-warning-option]
TRACKEDEXEC : warning : unknown warning option '-Wnoc++98-compat-pedantic'; did you mean '-Wc++98-compat-pedantic'? [-Wunknown-warning-option]
TRACKEDEXEC : warning : unknown warning option '-Wnoc++98-c++11-compat'; did you mean '-Wc++98-c++11-compat'? [-Wunknown-warning-option]
TRACKEDEXEC : warning : unknown warning option '-Wnoc++98-compat-pedantic'; did you mean '-Wc++98-compat-pedantic'? [-Wunknown-warning-option]
TRACKEDEXEC : warning : unknown warning option '-Wnoc++98-c++11-compat'; did you mean '-Wc++98-c++11-compat'? [-Wunknown-warning-option]
TRACKEDEXEC : warning : unknown warning option '-Wnoc++98-compat-pedantic'; did you mean '-Wc++98-compat-pedantic'? [-Wunknown-warning-option]
TRACKEDEXEC : warning : unknown warning option '-Wnoc++98-c++11-compat'; did you mean '-Wc++98-c++11-compat'? [-Wunknown-warning-option]
TRACKEDEXEC : warning : unknown warning option '-Wnoc++98-compat-pedantic'; did you mean '-Wc++98-compat-pedantic'? [-Wunknown-warning-option]
Src\LightManager.cpp(20,20): warning : comparison of integers of different signs: 'int' and 'std::vector<PointLight, std::allocator<PointLight> >::size_type' (aka 'unsigned long long') [-Wsign-compare]
Src\LightManager.cpp(29,20): warning : comparison of integers of different signs: 'int' and 'std::vector<PointLight, std::allocator<PointLight> >::size_type' (aka 'unsigned long long') [-Wsign-compare]
Src\LightManager.cpp(75,20): warning : comparison of integers of different signs: 'int' and 'std::vector<PointLight, std::allocator<PointLight> >::size_type' (aka 'unsigned long long') [-Wsign-compare]
TRACKEDEXEC : warning : unknown warning option '-Wnoc++98-c++11-compat'; did you mean '-Wc++98-c++11-compat'? [-Wunknown-warning-option]
TRACKEDEXEC : warning : unknown warning option '-Wnoc++98-compat-pedantic'; did you mean '-Wc++98-compat-pedantic'? [-Wunknown-warning-option]
TRACKEDEXEC : warning : unknown warning option '-Wnoc++98-c++11-compat'; did you mean '-Wc++98-c++11-compat'? [-Wunknown-warning-option]
TRACKEDEXEC : warning : unknown warning option '-Wnoc++98-compat-pedantic'; did you mean '-Wc++98-compat-pedantic'? [-Wunknown-warning-option]
TRACKEDEXEC : warning : unknown warning option '-Wnoc++98-c++11-compat'; did you mean '-Wc++98-c++11-compat'? [-Wunknown-warning-option]
TRACKEDEXEC : warning : unknown warning option '-Wnoc++98-compat-pedantic'; did you mean '-Wc++98-compat-pedantic'? [-Wunknown-warning-option]
TRACKEDEXEC : warning : unknown warning option '-Wnoc++98-c++11-compat'; did you mean '-Wc++98-c++11-compat'? [-Wunknown-warning-option]
TRACKEDEXEC : warning : unknown warning option '-Wnoc++98-compat-pedantic'; did you mean '-Wc++98-compat-pedantic'? [-Wunknown-warning-option]
TRACKEDEXEC : warning : unknown warning option '-Wnoc++98-c++11-compat'; did you mean '-Wc++98-c++11-compat'? [-Wunknown-warning-option]
TRACKEDEXEC : warning : unknown warning option '-Wnoc++98-compat-pedantic'; did you mean '-Wc++98-compat-pedantic'? [-Wunknown-warning-option]
Src\ObjReader.cpp(81,5): warning : missing field 'm_tangent' initializer [-Wmissing-field-initializers]
Src\ObjReader.cpp(68,20): warning : comparison of integers of different signs: 'int' and 'std::vector<std::basic_string<char, std::char_traits<char>, std::allocator<char> >, std::allocator<std::basic_string<char, std::char_traits<char>, std::allocator<char> > > >::size_type' (aka 'unsigned long long') [-Wsign-compare]
TRACKEDEXEC : warning : unknown warning option '-Wnoc++98-c++11-compat'; did you mean '-Wc++98-c++11-compat'? [-Wunknown-warning-option]
TRACKEDEXEC : warning : unknown warning option '-Wnoc++98-compat-pedantic'; did you mean '-Wc++98-compat-pedantic'? [-Wunknown-warning-option]
TRACKEDEXEC : warning : unknown warning option '-Wnoc++98-c++11-compat'; did you mean '-Wc++98-c++11-compat'? [-Wunknown-warning-option]
TRACKEDEXEC : warning : unknown warning option '-Wnoc++98-compat-pedantic'; did you mean '-Wc++98-compat-pedantic'? [-Wunknown-warning-option]
TRACKEDEXEC : warning : unknown warning option '-Wnoc++98-c++11-compat'; did you mean '-Wc++98-c++11-compat'? [-Wunknown-warning-option]
TRACKEDEXEC : warning : unknown warning option '-Wnoc++98-compat-pedantic'; did you mean '-Wc++98-compat-pedantic'? [-Wunknown-warning-option]
TRACKEDEXEC : warning : unknown warning option '-Wnoc++98-c++11-compat'; did you mean '-Wc++98-c++11-compat'? [-Wunknown-warning-option]
TRACKEDEXEC : warning : unknown warning option '-Wnoc++98-compat-pedantic'; did you mean '-Wc++98-compat-pedantic'? [-Wunknown-warning-option]
TRACKEDEXEC : warning : unknown warning option '-Wnoc++98-c++11-compat'; did you mean '-Wc++98-c++11-compat'? [-Wunknown-warning-option]
TRACKEDEXEC : warning : unknown warning option '-Wnoc++98-compat-pedantic'; did you mean '-Wc++98-compat-pedantic'? [-Wunknown-warning-option]
Src\RubixCubeApp.cpp(111,21): warning : comparison of integers of different signs: 'int' and 'std::vector<std::shared_ptr<RenderBatch>, std::allocator<std::shared_ptr<RenderBatch> > >::size_type' (aka 'unsigned long long') [-Wsign-compare]
TRACKEDEXEC : warning : unknown warning option '-Wnoc++98-c++11-compat'; did you mean '-Wc++98-c++11-compat'? [-Wunknown-warning-option]
TRACKEDEXEC : warning : unknown warning option '-Wnoc++98-compat-pedantic'; did you mean '-Wc++98-compat-pedantic'? [-Wunknown-warning-option]
TRACKEDEXEC : warning : unknown warning option '-Wnoc++98-c++11-compat'; did you mean '-Wc++98-c++11-compat'? [-Wunknown-warning-option]
TRACKEDEXEC : warning : unknown warning option '-Wnoc++98-compat-pedantic'; did you mean '-Wc++98-compat-pedantic'? [-Wunknown-warning-option]
TRACKEDEXEC : warning : unknown warning option '-Wnoc++98-c++11-compat'; did you mean '-Wc++98-c++11-compat'? [-Wunknown-warning-option]
TRACKEDEXEC : warning : unknown warning option '-Wnoc++98-compat-pedantic'; did you mean '-Wc++98-compat-pedantic'? [-Wunknown-warning-option]
TRACKEDEXEC : warning : unknown warning option '-Wnoc++98-c++11-compat'; did you mean '-Wc++98-c++11-compat'? [-Wunknown-warning-option]
TRACKEDEXEC : warning : unknown warning option '-Wnoc++98-compat-pedantic'; did you mean '-Wc++98-compat-pedantic'? [-Wunknown-warning-option]
TRACKEDEXEC : warning : unknown warning option '-Wnoc++98-c++11-compat'; did you mean '-Wc++98-c++11-compat'? [-Wunknown-warning-option]
TRACKEDEXEC : warning : unknown warning option '-Wnoc++98-c++11-compat'; did you mean '-Wc++98-c++11-compat'? [-Wunknown-warning-option]
TRACKEDEXEC : warning : unknown warning option '-Wnoc++98-c++11-compat'; did you mean '-Wc++98-c++11-compat'? [-Wunknown-warning-option]
TRACKEDEXEC : warning : unknown warning option '-Wnoc++98-compat-pedantic'; did you mean '-Wc++98-compat-pedantic'? [-Wunknown-warning-option]
TRACKEDEXEC : warning : unknown warning option '-Wnoc++98-compat-pedantic'; did you mean '-Wc++98-compat-pedantic'? [-Wunknown-warning-option]
TRACKEDEXEC : warning : unknown warning option '-Wnoc++98-compat-pedantic'; did you mean '-Wc++98-compat-pedantic'? [-Wunknown-warning-option]
  CombustionOpenGL.vcxproj -> D:\Programme\FH\Portfolio\RubiksCube\RubiksCube\x64\Release\RubiksCube.exe
